<?xml version="1.0" encoding="UTF-8"?>
<!-- Generated by org.testng.reporters.JUnitXMLReporter -->
<testsuite hostname="DESKTOP-IAICU2N" ignored="0" name="Test" tests="1" failures="1" timestamp="2020-02-29T20:20:50 IST" time="31.384" errors="0">
  <testcase name="testLaptopDetails" time="17.096" classname="com.Amazon.tests.TestLaptopDetailsPage">
    <failure type="java.lang.AssertionError" message="The laptop details test passed expected [Apple MacBook Pro (15-inch, Latest Model, 16GB RAM, 512GB Storage, 2.3GHz Intel Core i9) - Space Grey ] but found [Apple MacBook Pro (15-inch, Latest Model, 16GB RAM, 512GB Storage, 2.3GHz Intel Core i9) - Space Grey]">
      <![CDATA[java.lang.AssertionError: The laptop details test passed expected [Apple MacBook Pro (15-inch, Latest Model, 16GB RAM, 512GB Storage, 2.3GHz Intel Core i9) - Space Grey ] but found [Apple MacBook Pro (15-inch, Latest Model, 16GB RAM, 512GB Storage, 2.3GHz Intel Core i9) - Space Grey]
at com.Amazon.tests.TestLaptopDetailsPage.testLaptopDetails(TestLaptopDetailsPage.java:25)
at java.util.ArrayList.forEach(ArrayList.java:1257)
... Removed 31 stack frames]]>
    </failure>
  </testcase> <!-- testLaptopDetails -->
</testsuite> <!-- Test -->
